(PID.TID 0000.0001) W2_E2SETUP: number of Active Tiles =      12
(PID.TID 0000.0001) W2_E2SETUP: number of Blank Tiles  =       0
(PID.TID 0000.0001) W2_E2SETUP: Total number of Tiles  =      12
(PID.TID 0000.0001) W2_SET_CS6_FACETS: preDefTopol=  3 selected
(PID.TID 0000.0001) W2_SET_CS6_FACETS: facet-dims Unset; assume nRd=nGr=nBl=   32
(PID.TID 0000.0001)  facet  2.W set dim   4 = dim   2 from  1.E :      32
(PID.TID 0000.0001)  facet  3.S set dim   5 = dim   3 from  2.N :      32
(PID.TID 0000.0001)  facet  3.W set dim   6 = dim   1 from  1.N :      32
(PID.TID 0000.0001)  facet  4.S set dim   7 = dim   4 from  2.E :      32
(PID.TID 0000.0001)  facet  4.W set dim   8 = dim   6 from  3.E :      32
(PID.TID 0000.0001)  facet  5.N set dim   9 = dim   2 from  1.W :      32
(PID.TID 0000.0001)  facet  5.W set dim  10 = dim   5 from  3.N :      32
(PID.TID 0000.0001)  facet  6.N set dim  11 = dim   1 from  1.S :      32
(PID.TID 0000.0001)  facet  6.E set dim  12 = dim   3 from  2.S :      32
(PID.TID 0000.0001) W2_E2SETUP: Total number of Facets =       6
(PID.TID 0000.0001) W2_SET_F2F_INDEX: index matrix for connected Facet-Edges:
  N.Edge Facet  1 <-- W.Edge Facet  3 : pij=  0 -1  1  0 ; oi,oj=    33    32
  S.Edge Facet  1 <-- N.Edge Facet  6 : pij=  1  0  0  1 ; oi,oj=     0   -32
  E.Edge Facet  1 <-- W.Edge Facet  2 : pij=  1  0  0  1 ; oi,oj=    32     0
  W.Edge Facet  1 <-- N.Edge Facet  5 : pij=  0  1 -1  0 ; oi,oj=   -32    33
  N.Edge Facet  2 <-- S.Edge Facet  3 : pij=  1  0  0  1 ; oi,oj=     0    32
  S.Edge Facet  2 <-- E.Edge Facet  6 : pij=  0 -1  1  0 ; oi,oj=    33   -32
  E.Edge Facet  2 <-- S.Edge Facet  4 : pij=  0  1 -1  0 ; oi,oj=    32    33
  W.Edge Facet  2 <-- E.Edge Facet  1 : pij=  1  0  0  1 ; oi,oj=   -32     0
  N.Edge Facet  3 <-- W.Edge Facet  5 : pij=  0 -1  1  0 ; oi,oj=    33    32
  S.Edge Facet  3 <-- N.Edge Facet  2 : pij=  1  0  0  1 ; oi,oj=     0   -32
  E.Edge Facet  3 <-- W.Edge Facet  4 : pij=  1  0  0  1 ; oi,oj=    32     0
  W.Edge Facet  3 <-- N.Edge Facet  1 : pij=  0  1 -1  0 ; oi,oj=   -32    33
  N.Edge Facet  4 <-- S.Edge Facet  5 : pij=  1  0  0  1 ; oi,oj=     0    32
  S.Edge Facet  4 <-- E.Edge Facet  2 : pij=  0 -1  1  0 ; oi,oj=    33   -32
  E.Edge Facet  4 <-- S.Edge Facet  6 : pij=  0  1 -1  0 ; oi,oj=    32    33
  W.Edge Facet  4 <-- E.Edge Facet  3 : pij=  1  0  0  1 ; oi,oj=   -32     0
  N.Edge Facet  5 <-- W.Edge Facet  1 : pij=  0 -1  1  0 ; oi,oj=    33    32
  S.Edge Facet  5 <-- N.Edge Facet  4 : pij=  1  0  0  1 ; oi,oj=     0   -32
  E.Edge Facet  5 <-- W.Edge Facet  6 : pij=  1  0  0  1 ; oi,oj=    32     0
  W.Edge Facet  5 <-- N.Edge Facet  3 : pij=  0  1 -1  0 ; oi,oj=   -32    33
  N.Edge Facet  6 <-- S.Edge Facet  1 : pij=  1  0  0  1 ; oi,oj=     0    32
  S.Edge Facet  6 <-- E.Edge Facet  4 : pij=  0 -1  1  0 ; oi,oj=    33   -32
  E.Edge Facet  6 <-- S.Edge Facet  2 : pij=  0  1 -1  0 ; oi,oj=    32    33
  W.Edge Facet  6 <-- E.Edge Facet  5 : pij=  1  0  0  1 ; oi,oj=   -32     0
(PID.TID 0000.0001) W2_SET_MAP_TILES: tile mapping within facet and global Map:
(PID.TID 0000.0001)  Global Map (IO): X-size=     192 , Y-size=      32
(PID.TID 0000.0001) W2_SET_MAP_TILES: tile offset within facet and global Map:
- facet  1 : X-size=    32 , Y-size=    32 ;       2 tiles (Tx,Ty=   1,   2)
  tile       1 on facet  1 (  1,  1): offset=    0    0 ; on Glob.Map=       1       1
  tile       2 on facet  1 (  1,  2): offset=    0   16 ; on Glob.Map=       1      17
- facet  2 : X-size=    32 , Y-size=    32 ;       2 tiles (Tx,Ty=   1,   2)
  tile       3 on facet  2 (  1,  1): offset=    0    0 ; on Glob.Map=      33       1
  tile       4 on facet  2 (  1,  2): offset=    0   16 ; on Glob.Map=      33      17
- facet  3 : X-size=    32 , Y-size=    32 ;       2 tiles (Tx,Ty=   1,   2)
  tile       5 on facet  3 (  1,  1): offset=    0    0 ; on Glob.Map=      65       1
  tile       6 on facet  3 (  1,  2): offset=    0   16 ; on Glob.Map=      65      17
- facet  4 : X-size=    32 , Y-size=    32 ;       2 tiles (Tx,Ty=   1,   2)
  tile       7 on facet  4 (  1,  1): offset=    0    0 ; on Glob.Map=      97       1
  tile       8 on facet  4 (  1,  2): offset=    0   16 ; on Glob.Map=      97      17
- facet  5 : X-size=    32 , Y-size=    32 ;       2 tiles (Tx,Ty=   1,   2)
  tile       9 on facet  5 (  1,  1): offset=    0    0 ; on Glob.Map=     129       1
  tile      10 on facet  5 (  1,  2): offset=    0   16 ; on Glob.Map=     129      17
- facet  6 : X-size=    32 , Y-size=    32 ;       2 tiles (Tx,Ty=   1,   2)
  tile      11 on facet  6 (  1,  1): offset=    0    0 ; on Glob.Map=     161       1
  tile      12 on facet  6 (  1,  2): offset=    0   16 ; on Glob.Map=     161      17
(PID.TID 0000.0001) W2_SET_MAP_CUMSUM: setting Facet Matrix for CUMUL-SUM
(PID.TID 0000.0001) W2_SET_MAP_CUMSUM: set    5 /   6 active facets (pass,type=   1, 1)
 Facet Matrix for CUMUL-SUM (nFacets=   6, nActive=   6 ):
- facet  1 :  0  0 ,  0  0 ,  0  0 ,  0  0 ,  0  0 ,  0  0 ,
- facet  2 :  1  0 ,  0  0 ,  0  0 ,  0  0 ,  0  0 ,  0  0 ,
- facet  3 :  1  0 ,  0  1 ,  0  0 ,  0  0 ,  0  0 ,  0  0 ,
- facet  4 :  1  0 ,  0  1 ,  1  0 ,  0  0 ,  0  0 ,  0  0 ,
- facet  5 :  1  0 ,  0  1 ,  1  0 ,  0  1 ,  0  0 ,  0  0 ,
- facet  6 :  1  0 ,  0  1 ,  1  0 ,  0  1 ,  1  0 ,  0  0 ,
 missing-corner Tile for CUMUL-SUM (nTiles=      12 ): W2_tMC1=       2 , W2_tMC2=       3
(PID.TID 0000.0001) W2_SET_MAP_CUMSUM: done (skip Tile Matrix setting)
(PID.TID 0000.0001) W2_SET_TILE2TILES: tile neighbours and index connection:
Tile       1 : nbNeighb=  4 ; is-at-Facet-Edge: N= 0 , S= 1 , E= 1 , W= 1
 ns:  1 it=       2, iLo,iHi=     0    33, jLo,jHi=    17    17
 ns:  2 it=      12, iLo,iHi=     0    33, jLo,jHi=     0     0
 ns:  3 it=       3, iLo,iHi=    33    33, jLo,jHi=     0    17
 ns:  4 it=      10, iLo,iHi=     0     0, jLo,jHi=     0    17
Tile       2 : nbNeighb=  5 ; is-at-Facet-Edge: N= 1 , S= 0 , E= 1 , W= 1
 ns:  1 it=       5, iLo,iHi=    16    33, jLo,jHi=    17    17
 ns:  2 it=       6, iLo,iHi=     0    17, jLo,jHi=    17    17
 ns:  3 it=       1, iLo,iHi=     0    33, jLo,jHi=     0     0
 ns:  4 it=       4, iLo,iHi=    33    33, jLo,jHi=     0    17
 ns:  5 it=      10, iLo,iHi=     0     0, jLo,jHi=     0    17
Tile       3 : nbNeighb=  5 ; is-at-Facet-Edge: N= 0 , S= 1 , E= 1 , W= 1
 ns:  1 it=       4, iLo,iHi=     0    33, jLo,jHi=    17    17
 ns:  2 it=      11, iLo,iHi=    16    33, jLo,jHi=     0     0
 ns:  3 it=      12, iLo,iHi=     0    17, jLo,jHi=     0     0
 ns:  4 it=       7, iLo,iHi=    33    33, jLo,jHi=     0    17
 ns:  5 it=       1, iLo,iHi=     0     0, jLo,jHi=     0    17
Tile       4 : nbNeighb=  4 ; is-at-Facet-Edge: N= 1 , S= 0 , E= 1 , W= 1
 ns:  1 it=       5, iLo,iHi=     0    33, jLo,jHi=    17    17
 ns:  2 it=       3, iLo,iHi=     0    33, jLo,jHi=     0     0
 ns:  3 it=       7, iLo,iHi=    33    33, jLo,jHi=     0    17
 ns:  4 it=       2, iLo,iHi=     0     0, jLo,jHi=     0    17
Tile       5 : nbNeighb=  4 ; is-at-Facet-Edge: N= 0 , S= 1 , E= 1 , W= 1
 ns:  1 it=       6, iLo,iHi=     0    33, jLo,jHi=    17    17
 ns:  2 it=       4, iLo,iHi=     0    33, jLo,jHi=     0     0
 ns:  3 it=       7, iLo,iHi=    33    33, jLo,jHi=     0    17
 ns:  4 it=       2, iLo,iHi=     0     0, jLo,jHi=     0    17
Tile       6 : nbNeighb=  5 ; is-at-Facet-Edge: N= 1 , S= 0 , E= 1 , W= 1
 ns:  1 it=       9, iLo,iHi=    16    33, jLo,jHi=    17    17
 ns:  2 it=      10, iLo,iHi=     0    17, jLo,jHi=    17    17
 ns:  3 it=       5, iLo,iHi=     0    33, jLo,jHi=     0     0
 ns:  4 it=       8, iLo,iHi=    33    33, jLo,jHi=     0    17
 ns:  5 it=       2, iLo,iHi=     0     0, jLo,jHi=     0    17
Tile       7 : nbNeighb=  5 ; is-at-Facet-Edge: N= 0 , S= 1 , E= 1 , W= 1
 ns:  1 it=       8, iLo,iHi=     0    33, jLo,jHi=    17    17
 ns:  2 it=       3, iLo,iHi=    16    33, jLo,jHi=     0     0
 ns:  3 it=       4, iLo,iHi=     0    17, jLo,jHi=     0     0
 ns:  4 it=      11, iLo,iHi=    33    33, jLo,jHi=     0    17
 ns:  5 it=       5, iLo,iHi=     0     0, jLo,jHi=     0    17
Tile       8 : nbNeighb=  4 ; is-at-Facet-Edge: N= 1 , S= 0 , E= 1 , W= 1
 ns:  1 it=       9, iLo,iHi=     0    33, jLo,jHi=    17    17
 ns:  2 it=       7, iLo,iHi=     0    33, jLo,jHi=     0     0
 ns:  3 it=      11, iLo,iHi=    33    33, jLo,jHi=     0    17
 ns:  4 it=       6, iLo,iHi=     0     0, jLo,jHi=     0    17
Tile       9 : nbNeighb=  4 ; is-at-Facet-Edge: N= 0 , S= 1 , E= 1 , W= 1
 ns:  1 it=      10, iLo,iHi=     0    33, jLo,jHi=    17    17
 ns:  2 it=       8, iLo,iHi=     0    33, jLo,jHi=     0     0
 ns:  3 it=      11, iLo,iHi=    33    33, jLo,jHi=     0    17
 ns:  4 it=       6, iLo,iHi=     0     0, jLo,jHi=     0    17
Tile      10 : nbNeighb=  5 ; is-at-Facet-Edge: N= 1 , S= 0 , E= 1 , W= 1
 ns:  1 it=       1, iLo,iHi=    16    33, jLo,jHi=    17    17
 ns:  2 it=       2, iLo,iHi=     0    17, jLo,jHi=    17    17
 ns:  3 it=       9, iLo,iHi=     0    33, jLo,jHi=     0     0
 ns:  4 it=      12, iLo,iHi=    33    33, jLo,jHi=     0    17
 ns:  5 it=       6, iLo,iHi=     0     0, jLo,jHi=     0    17
Tile      11 : nbNeighb=  5 ; is-at-Facet-Edge: N= 0 , S= 1 , E= 1 , W= 1
 ns:  1 it=      12, iLo,iHi=     0    33, jLo,jHi=    17    17
 ns:  2 it=       7, iLo,iHi=    16    33, jLo,jHi=     0     0
 ns:  3 it=       8, iLo,iHi=     0    17, jLo,jHi=     0     0
 ns:  4 it=       3, iLo,iHi=    33    33, jLo,jHi=     0    17
 ns:  5 it=       9, iLo,iHi=     0     0, jLo,jHi=     0    17
Tile      12 : nbNeighb=  4 ; is-at-Facet-Edge: N= 1 , S= 0 , E= 1 , W= 1
 ns:  1 it=       1, iLo,iHi=     0    33, jLo,jHi=    17    17
 ns:  2 it=      11, iLo,iHi=     0    33, jLo,jHi=     0     0
 ns:  3 it=       3, iLo,iHi=    33    33, jLo,jHi=     0    17
 ns:  4 it=      10, iLo,iHi=     0     0, jLo,jHi=     0    17
(PID.TID 0000.0001) current Max.Nb.Neighbours (e.g., on tile    2 ) =  5
(PID.TID 0000.0001) ===== W2 TILE TOPOLOGY =====
(PID.TID 0000.0001)  TILE:     1 (bi,bj=   1   1 ), Nb of Neighbours =  4
(PID.TID 0000.0001)     NEIGHBOUR  1 = TILE       2 (n=  3) Comm = PUT (PROC=       1)
(PID.TID 0000.0001)     NEIGHBOUR  2 = TILE      12 (n=  1) Comm = PUT (PROC=       1)
(PID.TID 0000.0001)     NEIGHBOUR  3 = TILE       3 (n=  5) Comm = PUT (PROC=       1)
(PID.TID 0000.0001)     NEIGHBOUR  4 = TILE      10 (n=  1) Comm = PUT (PROC=       1)
(PID.TID 0000.0001)  TILE:     2 (bi,bj=   2   1 ), Nb of Neighbours =  5
(PID.TID 0000.0001)     NEIGHBOUR  1 = TILE       5 (n=  4) Comm = PUT (PROC=       1)
(PID.TID 0000.0001)     NEIGHBOUR  2 = TILE       6 (n=  5) Comm = PUT (PROC=       1)
(PID.TID 0000.0001)     NEIGHBOUR  3 = TILE       1 (n=  1) Comm = PUT (PROC=       1)
(PID.TID 0000.0001)     NEIGHBOUR  4 = TILE       4 (n=  4) Comm = PUT (PROC=       1)
(PID.TID 0000.0001)     NEIGHBOUR  5 = TILE      10 (n=  2) Comm = PUT (PROC=       1)
(PID.TID 0000.0001)  TILE:     3 (bi,bj=   3   1 ), Nb of Neighbours =  5
(PID.TID 0000.0001)     NEIGHBOUR  1 = TILE       4 (n=  2) Comm = PUT (PROC=       1)
(PID.TID 0000.0001)     NEIGHBOUR  2 = TILE      11 (n=  4) Comm = PUT (PROC=       1)
(PID.TID 0000.0001)     NEIGHBOUR  3 = TILE      12 (n=  3) Comm = PUT (PROC=       1)
(PID.TID 0000.0001)     NEIGHBOUR  4 = TILE       7 (n=  2) Comm = PUT (PROC=       1)
(PID.TID 0000.0001)     NEIGHBOUR  5 = TILE       1 (n=  3) Comm = PUT (PROC=       1)
(PID.TID 0000.0001)  TILE:     4 (bi,bj=   4   1 ), Nb of Neighbours =  4
(PID.TID 0000.0001)     NEIGHBOUR  1 = TILE       5 (n=  2) Comm = PUT (PROC=       1)
(PID.TID 0000.0001)     NEIGHBOUR  2 = TILE       3 (n=  1) Comm = PUT (PROC=       1)
(PID.TID 0000.0001)     NEIGHBOUR  3 = TILE       7 (n=  3) Comm = PUT (PROC=       1)
(PID.TID 0000.0001)     NEIGHBOUR  4 = TILE       2 (n=  4) Comm = PUT (PROC=       1)
(PID.TID 0000.0001)  TILE:     5 (bi,bj=   5   1 ), Nb of Neighbours =  4
(PID.TID 0000.0001)     NEIGHBOUR  1 = TILE       6 (n=  3) Comm = PUT (PROC=       1)
(PID.TID 0000.0001)     NEIGHBOUR  2 = TILE       4 (n=  1) Comm = PUT (PROC=       1)
(PID.TID 0000.0001)     NEIGHBOUR  3 = TILE       7 (n=  5) Comm = PUT (PROC=       1)
(PID.TID 0000.0001)     NEIGHBOUR  4 = TILE       2 (n=  1) Comm = PUT (PROC=       1)
(PID.TID 0000.0001)  TILE:     6 (bi,bj=   6   1 ), Nb of Neighbours =  5
(PID.TID 0000.0001)     NEIGHBOUR  1 = TILE       9 (n=  4) Comm = PUT (PROC=       1)
(PID.TID 0000.0001)     NEIGHBOUR  2 = TILE      10 (n=  5) Comm = PUT (PROC=       1)
(PID.TID 0000.0001)     NEIGHBOUR  3 = TILE       5 (n=  1) Comm = PUT (PROC=       1)
(PID.TID 0000.0001)     NEIGHBOUR  4 = TILE       8 (n=  4) Comm = PUT (PROC=       1)
(PID.TID 0000.0001)     NEIGHBOUR  5 = TILE       2 (n=  2) Comm = PUT (PROC=       1)
(PID.TID 0000.0001)  TILE:     7 (bi,bj=   7   1 ), Nb of Neighbours =  5
(PID.TID 0000.0001)     NEIGHBOUR  1 = TILE       8 (n=  2) Comm = PUT (PROC=       1)
(PID.TID 0000.0001)     NEIGHBOUR  2 = TILE       3 (n=  4) Comm = PUT (PROC=       1)
(PID.TID 0000.0001)     NEIGHBOUR  3 = TILE       4 (n=  3) Comm = PUT (PROC=       1)
(PID.TID 0000.0001)     NEIGHBOUR  4 = TILE      11 (n=  2) Comm = PUT (PROC=       1)
(PID.TID 0000.0001)     NEIGHBOUR  5 = TILE       5 (n=  3) Comm = PUT (PROC=       1)
(PID.TID 0000.0001)  TILE:     8 (bi,bj=   8   1 ), Nb of Neighbours =  4
(PID.TID 0000.0001)     NEIGHBOUR  1 = TILE       9 (n=  2) Comm = PUT (PROC=       1)
(PID.TID 0000.0001)     NEIGHBOUR  2 = TILE       7 (n=  1) Comm = PUT (PROC=       1)
(PID.TID 0000.0001)     NEIGHBOUR  3 = TILE      11 (n=  3) Comm = PUT (PROC=       1)
(PID.TID 0000.0001)     NEIGHBOUR  4 = TILE       6 (n=  4) Comm = PUT (PROC=       1)
(PID.TID 0000.0001)  TILE:     9 (bi,bj=   9   1 ), Nb of Neighbours =  4
(PID.TID 0000.0001)     NEIGHBOUR  1 = TILE      10 (n=  3) Comm = PUT (PROC=       1)
(PID.TID 0000.0001)     NEIGHBOUR  2 = TILE       8 (n=  1) Comm = PUT (PROC=       1)
(PID.TID 0000.0001)     NEIGHBOUR  3 = TILE      11 (n=  5) Comm = PUT (PROC=       1)
(PID.TID 0000.0001)     NEIGHBOUR  4 = TILE       6 (n=  1) Comm = PUT (PROC=       1)
(PID.TID 0000.0001)  TILE:    10 (bi,bj=  10   1 ), Nb of Neighbours =  5
(PID.TID 0000.0001)     NEIGHBOUR  1 = TILE       1 (n=  4) Comm = PUT (PROC=       1)
(PID.TID 0000.0001)     NEIGHBOUR  2 = TILE       2 (n=  5) Comm = PUT (PROC=       1)
(PID.TID 0000.0001)     NEIGHBOUR  3 = TILE       9 (n=  1) Comm = PUT (PROC=       1)
(PID.TID 0000.0001)     NEIGHBOUR  4 = TILE      12 (n=  4) Comm = PUT (PROC=       1)
(PID.TID 0000.0001)     NEIGHBOUR  5 = TILE       6 (n=  2) Comm = PUT (PROC=       1)
(PID.TID 0000.0001)  TILE:    11 (bi,bj=  11   1 ), Nb of Neighbours =  5
(PID.TID 0000.0001)     NEIGHBOUR  1 = TILE      12 (n=  2) Comm = PUT (PROC=       1)
(PID.TID 0000.0001)     NEIGHBOUR  2 = TILE       7 (n=  4) Comm = PUT (PROC=       1)
(PID.TID 0000.0001)     NEIGHBOUR  3 = TILE       8 (n=  3) Comm = PUT (PROC=       1)
(PID.TID 0000.0001)     NEIGHBOUR  4 = TILE       3 (n=  2) Comm = PUT (PROC=       1)
(PID.TID 0000.0001)     NEIGHBOUR  5 = TILE       9 (n=  3) Comm = PUT (PROC=       1)
(PID.TID 0000.0001)  TILE:    12 (bi,bj=  12   1 ), Nb of Neighbours =  4
(PID.TID 0000.0001)     NEIGHBOUR  1 = TILE       1 (n=  2) Comm = PUT (PROC=       1)
(PID.TID 0000.0001)     NEIGHBOUR  2 = TILE      11 (n=  1) Comm = PUT (PROC=       1)
(PID.TID 0000.0001)     NEIGHBOUR  3 = TILE       3 (n=  3) Comm = PUT (PROC=       1)
(PID.TID 0000.0001)     NEIGHBOUR  4 = TILE      10 (n=  4) Comm = PUT (PROC=       1)
Tile       1 (pr=       1) sends pts i=  -3:  36, j=  13:  16
                              to pts i=  -3:  36, j=  -3:   0 in tile        2 (pr=       1)
Tile       1 (pr=       1) sends pts i=  -3:  36, j=   1:   4
                              to pts i=  -3:  36, j=  17:  20 in tile       12 (pr=       1)
Tile       1 (pr=       1) sends pts i=  29:  32, j=  -3:  20
                              to pts i=  -3:   0, j=  -3:  20 in tile        3 (pr=       1)
Tile       1 (pr=       1) sends pts i=   1:   4, j=  20:  -3
                              to pts i=  13:  36, j=  17:  20 in tile       10 (pr=       1)
Tile       2 (pr=       1) sends pts i=  36:  13, j=  13:  16
                              to pts i=  -3:   0, j=  -3:  20 in tile        5 (pr=       1)
Tile       2 (pr=       1) sends pts i=  20:  -3, j=  13:  16
                              to pts i=  -3:   0, j=  -3:  20 in tile        6 (pr=       1)
Tile       2 (pr=       1) sends pts i=  -3:  36, j=   1:   4
                              to pts i=  -3:  36, j=  17:  20 in tile        1 (pr=       1)
Tile       2 (pr=       1) sends pts i=  29:  32, j=  -3:  20
                              to pts i=  -3:   0, j=  -3:  20 in tile        4 (pr=       1)
Tile       2 (pr=       1) sends pts i=   1:   4, j=  20:  -3
                              to pts i=  -3:  20, j=  17:  20 in tile       10 (pr=       1)
Tile       3 (pr=       1) sends pts i=  -3:  36, j=  13:  16
                              to pts i=  -3:  36, j=  -3:   0 in tile        4 (pr=       1)
Tile       3 (pr=       1) sends pts i=  36:  13, j=   1:   4
                              to pts i=  33:  36, j=  -3:  20 in tile       11 (pr=       1)
Tile       3 (pr=       1) sends pts i=  20:  -3, j=   1:   4
                              to pts i=  33:  36, j=  -3:  20 in tile       12 (pr=       1)
Tile       3 (pr=       1) sends pts i=  29:  32, j=  20:  -3
                              to pts i=  13:  36, j=  -3:   0 in tile        7 (pr=       1)
Tile       3 (pr=       1) sends pts i=   1:   4, j=  -3:  20
                              to pts i=  33:  36, j=  -3:  20 in tile        1 (pr=       1)
Tile       4 (pr=       1) sends pts i=  -3:  36, j=  13:  16
                              to pts i=  -3:  36, j=  -3:   0 in tile        5 (pr=       1)
Tile       4 (pr=       1) sends pts i=  -3:  36, j=   1:   4
                              to pts i=  -3:  36, j=  17:  20 in tile        3 (pr=       1)
Tile       4 (pr=       1) sends pts i=  29:  32, j=  20:  -3
                              to pts i=  -3:  20, j=  -3:   0 in tile        7 (pr=       1)
Tile       4 (pr=       1) sends pts i=   1:   4, j=  -3:  20
                              to pts i=  33:  36, j=  -3:  20 in tile        2 (pr=       1)
Tile       5 (pr=       1) sends pts i=  -3:  36, j=  13:  16
                              to pts i=  -3:  36, j=  -3:   0 in tile        6 (pr=       1)
Tile       5 (pr=       1) sends pts i=  -3:  36, j=   1:   4
                              to pts i=  -3:  36, j=  17:  20 in tile        4 (pr=       1)
Tile       5 (pr=       1) sends pts i=  29:  32, j=  -3:  20
                              to pts i=  -3:   0, j=  -3:  20 in tile        7 (pr=       1)
Tile       5 (pr=       1) sends pts i=   1:   4, j=  20:  -3
                              to pts i=  13:  36, j=  17:  20 in tile        2 (pr=       1)
Tile       6 (pr=       1) sends pts i=  36:  13, j=  13:  16
                              to pts i=  -3:   0, j=  -3:  20 in tile        9 (pr=       1)
Tile       6 (pr=       1) sends pts i=  20:  -3, j=  13:  16
                              to pts i=  -3:   0, j=  -3:  20 in tile       10 (pr=       1)
Tile       6 (pr=       1) sends pts i=  -3:  36, j=   1:   4
                              to pts i=  -3:  36, j=  17:  20 in tile        5 (pr=       1)
Tile       6 (pr=       1) sends pts i=  29:  32, j=  -3:  20
                              to pts i=  -3:   0, j=  -3:  20 in tile        8 (pr=       1)
Tile       6 (pr=       1) sends pts i=   1:   4, j=  20:  -3
                              to pts i=  -3:  20, j=  17:  20 in tile        2 (pr=       1)
Tile       7 (pr=       1) sends pts i=  -3:  36, j=  13:  16
                              to pts i=  -3:  36, j=  -3:   0 in tile        8 (pr=       1)
Tile       7 (pr=       1) sends pts i=  36:  13, j=   1:   4
                              to pts i=  33:  36, j=  -3:  20 in tile        3 (pr=       1)
Tile       7 (pr=       1) sends pts i=  20:  -3, j=   1:   4
                              to pts i=  33:  36, j=  -3:  20 in tile        4 (pr=       1)
Tile       7 (pr=       1) sends pts i=  29:  32, j=  20:  -3
                              to pts i=  13:  36, j=  -3:   0 in tile       11 (pr=       1)
Tile       7 (pr=       1) sends pts i=   1:   4, j=  -3:  20
                              to pts i=  33:  36, j=  -3:  20 in tile        5 (pr=       1)
Tile       8 (pr=       1) sends pts i=  -3:  36, j=  13:  16
                              to pts i=  -3:  36, j=  -3:   0 in tile        9 (pr=       1)
Tile       8 (pr=       1) sends pts i=  -3:  36, j=   1:   4
                              to pts i=  -3:  36, j=  17:  20 in tile        7 (pr=       1)
Tile       8 (pr=       1) sends pts i=  29:  32, j=  20:  -3
                              to pts i=  -3:  20, j=  -3:   0 in tile       11 (pr=       1)
Tile       8 (pr=       1) sends pts i=   1:   4, j=  -3:  20
                              to pts i=  33:  36, j=  -3:  20 in tile        6 (pr=       1)
Tile       9 (pr=       1) sends pts i=  -3:  36, j=  13:  16
                              to pts i=  -3:  36, j=  -3:   0 in tile       10 (pr=       1)
Tile       9 (pr=       1) sends pts i=  -3:  36, j=   1:   4
                              to pts i=  -3:  36, j=  17:  20 in tile        8 (pr=       1)
Tile       9 (pr=       1) sends pts i=  29:  32, j=  -3:  20
                              to pts i=  -3:   0, j=  -3:  20 in tile       11 (pr=       1)
Tile       9 (pr=       1) sends pts i=   1:   4, j=  20:  -3
                              to pts i=  13:  36, j=  17:  20 in tile        6 (pr=       1)
Tile      10 (pr=       1) sends pts i=  36:  13, j=  13:  16
                              to pts i=  -3:   0, j=  -3:  20 in tile        1 (pr=       1)
Tile      10 (pr=       1) sends pts i=  20:  -3, j=  13:  16
                              to pts i=  -3:   0, j=  -3:  20 in tile        2 (pr=       1)
Tile      10 (pr=       1) sends pts i=  -3:  36, j=   1:   4
                              to pts i=  -3:  36, j=  17:  20 in tile        9 (pr=       1)
Tile      10 (pr=       1) sends pts i=  29:  32, j=  -3:  20
                              to pts i=  -3:   0, j=  -3:  20 in tile       12 (pr=       1)
Tile      10 (pr=       1) sends pts i=   1:   4, j=  20:  -3
                              to pts i=  -3:  20, j=  17:  20 in tile        6 (pr=       1)
Tile      11 (pr=       1) sends pts i=  -3:  36, j=  13:  16
                              to pts i=  -3:  36, j=  -3:   0 in tile       12 (pr=       1)
Tile      11 (pr=       1) sends pts i=  36:  13, j=   1:   4
                              to pts i=  33:  36, j=  -3:  20 in tile        7 (pr=       1)
Tile      11 (pr=       1) sends pts i=  20:  -3, j=   1:   4
                              to pts i=  33:  36, j=  -3:  20 in tile        8 (pr=       1)
Tile      11 (pr=       1) sends pts i=  29:  32, j=  20:  -3
                              to pts i=  13:  36, j=  -3:   0 in tile        3 (pr=       1)
Tile      11 (pr=       1) sends pts i=   1:   4, j=  -3:  20
                              to pts i=  33:  36, j=  -3:  20 in tile        9 (pr=       1)
Tile      12 (pr=       1) sends pts i=  -3:  36, j=  13:  16
                              to pts i=  -3:  36, j=  -3:   0 in tile        1 (pr=       1)
Tile      12 (pr=       1) sends pts i=  -3:  36, j=   1:   4
                              to pts i=  -3:  36, j=  17:  20 in tile       11 (pr=       1)
Tile      12 (pr=       1) sends pts i=  29:  32, j=  20:  -3
                              to pts i=  -3:  20, j=  -3:   0 in tile        3 (pr=       1)
Tile      12 (pr=       1) sends pts i=   1:   4, j=  -3:  20
                              to pts i=  33:  36, j=  -3:  20 in tile       10 (pr=       1)
Tile       1 (pr=       1) recv pts i=  -3:  36, j=  17:  20 from tile       2 (pr=       1)
Tile       1 (pr=       1) recv pts i=  -3:  36, j=  -3:   0 from tile      12 (pr=       1)
Tile       1 (pr=       1) recv pts i=  33:  36, j=  -3:  20 from tile       3 (pr=       1)
Tile       1 (pr=       1) recv pts i=  -3:   0, j=  -3:  20 from tile      10 (pr=       1)
Tile       2 (pr=       1) recv pts i=  13:  36, j=  17:  20 from tile       5 (pr=       1)
Tile       2 (pr=       1) recv pts i=  -3:  20, j=  17:  20 from tile       6 (pr=       1)
Tile       2 (pr=       1) recv pts i=  -3:  36, j=  -3:   0 from tile       1 (pr=       1)
Tile       2 (pr=       1) recv pts i=  33:  36, j=  -3:  20 from tile       4 (pr=       1)
Tile       2 (pr=       1) recv pts i=  -3:   0, j=  -3:  20 from tile      10 (pr=       1)
Tile       3 (pr=       1) recv pts i=  -3:  36, j=  17:  20 from tile       4 (pr=       1)
Tile       3 (pr=       1) recv pts i=  13:  36, j=  -3:   0 from tile      11 (pr=       1)
Tile       3 (pr=       1) recv pts i=  -3:  20, j=  -3:   0 from tile      12 (pr=       1)
Tile       3 (pr=       1) recv pts i=  33:  36, j=  -3:  20 from tile       7 (pr=       1)
Tile       3 (pr=       1) recv pts i=  -3:   0, j=  -3:  20 from tile       1 (pr=       1)
Tile       4 (pr=       1) recv pts i=  -3:  36, j=  17:  20 from tile       5 (pr=       1)
Tile       4 (pr=       1) recv pts i=  -3:  36, j=  -3:   0 from tile       3 (pr=       1)
Tile       4 (pr=       1) recv pts i=  33:  36, j=  -3:  20 from tile       7 (pr=       1)
Tile       4 (pr=       1) recv pts i=  -3:   0, j=  -3:  20 from tile       2 (pr=       1)
Tile       5 (pr=       1) recv pts i=  -3:  36, j=  17:  20 from tile       6 (pr=       1)
Tile       5 (pr=       1) recv pts i=  -3:  36, j=  -3:   0 from tile       4 (pr=       1)
Tile       5 (pr=       1) recv pts i=  33:  36, j=  -3:  20 from tile       7 (pr=       1)
Tile       5 (pr=       1) recv pts i=  -3:   0, j=  -3:  20 from tile       2 (pr=       1)
Tile       6 (pr=       1) recv pts i=  13:  36, j=  17:  20 from tile       9 (pr=       1)
Tile       6 (pr=       1) recv pts i=  -3:  20, j=  17:  20 from tile      10 (pr=       1)
Tile       6 (pr=       1) recv pts i=  -3:  36, j=  -3:   0 from tile       5 (pr=       1)
Tile       6 (pr=       1) recv pts i=  33:  36, j=  -3:  20 from tile       8 (pr=       1)
Tile       6 (pr=       1) recv pts i=  -3:   0, j=  -3:  20 from tile       2 (pr=       1)
Tile       7 (pr=       1) recv pts i=  -3:  36, j=  17:  20 from tile       8 (pr=       1)
Tile       7 (pr=       1) recv pts i=  13:  36, j=  -3:   0 from tile       3 (pr=       1)
Tile       7 (pr=       1) recv pts i=  -3:  20, j=  -3:   0 from tile       4 (pr=       1)
Tile       7 (pr=       1) recv pts i=  33:  36, j=  -3:  20 from tile      11 (pr=       1)
Tile       7 (pr=       1) recv pts i=  -3:   0, j=  -3:  20 from tile       5 (pr=       1)
Tile       8 (pr=       1) recv pts i=  -3:  36, j=  17:  20 from tile       9 (pr=       1)
Tile       8 (pr=       1) recv pts i=  -3:  36, j=  -3:   0 from tile       7 (pr=       1)
Tile       8 (pr=       1) recv pts i=  33:  36, j=  -3:  20 from tile      11 (pr=       1)
Tile       8 (pr=       1) recv pts i=  -3:   0, j=  -3:  20 from tile       6 (pr=       1)
Tile       9 (pr=       1) recv pts i=  -3:  36, j=  17:  20 from tile      10 (pr=       1)
Tile       9 (pr=       1) recv pts i=  -3:  36, j=  -3:   0 from tile       8 (pr=       1)
Tile       9 (pr=       1) recv pts i=  33:  36, j=  -3:  20 from tile      11 (pr=       1)
Tile       9 (pr=       1) recv pts i=  -3:   0, j=  -3:  20 from tile       6 (pr=       1)
Tile      10 (pr=       1) recv pts i=  13:  36, j=  17:  20 from tile       1 (pr=       1)
Tile      10 (pr=       1) recv pts i=  -3:  20, j=  17:  20 from tile       2 (pr=       1)
Tile      10 (pr=       1) recv pts i=  -3:  36, j=  -3:   0 from tile       9 (pr=       1)
Tile      10 (pr=       1) recv pts i=  33:  36, j=  -3:  20 from tile      12 (pr=       1)
Tile      10 (pr=       1) recv pts i=  -3:   0, j=  -3:  20 from tile       6 (pr=       1)
Tile      11 (pr=       1) recv pts i=  -3:  36, j=  17:  20 from tile      12 (pr=       1)
Tile      11 (pr=       1) recv pts i=  13:  36, j=  -3:   0 from tile       7 (pr=       1)
Tile      11 (pr=       1) recv pts i=  -3:  20, j=  -3:   0 from tile       8 (pr=       1)
Tile      11 (pr=       1) recv pts i=  33:  36, j=  -3:  20 from tile       3 (pr=       1)
Tile      11 (pr=       1) recv pts i=  -3:   0, j=  -3:  20 from tile       9 (pr=       1)
Tile      12 (pr=       1) recv pts i=  -3:  36, j=  17:  20 from tile       1 (pr=       1)
Tile      12 (pr=       1) recv pts i=  -3:  36, j=  -3:   0 from tile      11 (pr=       1)
Tile      12 (pr=       1) recv pts i=  33:  36, j=  -3:  20 from tile       3 (pr=       1)
Tile      12 (pr=       1) recv pts i=  -3:   0, j=  -3:  20 from tile      10 (pr=       1)
(PID.TID 0000.0001) ===  End TOPOLOGY report ===
