Get compiler version using: gfortran --version
/opt/homebrew/bin/gfortran
GNU Fortran (Homebrew GCC 14.2.0_1) 14.2.0
Copyright (C) 2024 Free Software Foundation, Inc.
This is free software; see the source for copying conditions.  There is NO
warranty; not even for MERCHANTABILITY or FITNESS FOR A PARTICULAR PURPOSE.

<-- compiler version ----

running: check_fortran_compiler
 gfortran -fconvert=big-endian -fallow-argument-mismatch -Wunused -Wuninitialized -O3 -ftree-vectorize -funroll-loops -c genmake_tcomp.f
 gfortran -fconvert=big-endian -fallow-argument-mismatch -Wunused -Wuninitialized -O3 -ftree-vectorize -funroll-loops -o genmake_tcomp genmake_tcomp.o
 ./genmake_tcomp
 hello world :            1
 hello world :            2
 hello world :            3
 --> set FC_CHECK= 5 /5

running: look_for_makedepend()
 --> set MAKEDEPEND=$(TOOLSDIR)/xmakedepend

running: check_HAVE_CLOC()
gcc -c genmake_tc_1.c
gfortran -fconvert=big-endian -fallow-argument-mismatch -Wunused -Wuninitialized -o genmake_tc genmake_tc_2.for genmake_tc_1.o
  HELLO WORLD   1760120226.2775991     
 --> set HAVE_CLOC='t'

running: check_HAVE_SETRLSTK()
gcc -c genmake_tc_1.c
      program hello
      external setrlstk
      call setrlstk()
      end
gfortran -fconvert=big-endian -fallow-argument-mismatch -Wunused -Wuninitialized -o genmake_tc genmake_tc_2.for genmake_tc_1.o
 --> set HAVE_SETRLSTK='t'

running: check_HAVE_SIGREG()
gcc -c genmake_tc_1.c
In file included from genmake_tc_1.c:6:
/Library/Developer/CommandLineTools/SDKs/MacOSX.sdk/usr/include/ucontext.h:51:2: error: The deprecated ucontext routines require _XOPEN_SOURCE to be defined
   51 | #error The deprecated ucontext routines require _XOPEN_SOURCE to be defined
      |  ^
genmake_tc_1.c:11:44: warning: declaration of 'struct ucontext' will not be visible outside of this function [-Wvisibility]
   11 |     unsigned int sn, siginfo_t  si, struct ucontext *sc )
      |                                            ^
1 warning and 1 error generated.
      program hello
      integer anint
      common /iv/ anint
      external sigreg
      call sigreg(anint)
      end
gfortran -fconvert=big-endian -fallow-argument-mismatch -Wunused -Wuninitialized -o genmake_tc genmake_tc_2.for genmake_tc_1.o
ld: file cannot be open()ed, errno=2 path=genmake_tc_1.o in 'genmake_tc_1.o'
collect2: error: ld returned 1 exit status
 --> set HAVE_SIGREG=''

running: check_HAVE_STAT()
gcc -c genmake_tc_1.c
      program hello
      integer nbyte
      call tfsize(nbyte)
      print *," HELLO WORLD", nbyte
      end
gfortran -fconvert=big-endian -fallow-argument-mismatch -Wunused -Wuninitialized -o genmake_tc genmake_tc_2.for genmake_tc_1.o
 --> set HAVE_STAT='t'

running: check_netcdf_libs()
===  genmake_tnc.F  >>>
      program fgennc
#include "netcdf.inc"
      integer iret, ncid, xid
      iret = nf_create('genmake_tnc.nc', NF_CLOBBER, ncid)
      IF (iret .NE. NF_NOERR) write(*,*) NF_STRERROR(iret)
      iret = nf_def_dim(ncid, 'X', 11, xid)
      IF (iret .NE. NF_NOERR) write(*,*) NF_STRERROR(iret)
      iret = nf_close(ncid)
      IF (iret .NE. NF_NOERR) write(*,*) NF_STRERROR(iret)
      end
<<<  genmake_tnc.F  ===
cat genmake_tnc.F |  /usr/bin/cpp -traditional -P -DWORDLENGTH=4 -DNML_TERMINATOR -DHAVE_SYSTEM -DHAVE_FDATE -DHAVE_ETIME_SBR -DHAVE_CLOC -DHAVE_SETRLSTK -DHAVE_STAT 
  WARNING: CPP failed to pre-process the netcdf test.
    Please check that $INCLUDES is properly set.
gfortran  -fconvert=big-endian -fallow-argument-mismatch -Wunused -Wuninitialized -O3 -ftree-vectorize -funroll-loops -c genmake_tnc.for  \ 
  &&  gfortran  -fconvert=big-endian -fallow-argument-mismatch -Wunused -Wuninitialized -O3 -ftree-vectorize -funroll-loops -o genmake_tnc genmake_tnc.o 
genmake_tnc.for:5:10:

    5 |       IF (iret .NE. NF_NOERR) write(*,*) NF_STRERROR(iret)
      |          ^
Warning: 'nf_noerr' is used uninitialized [-Wuninitialized]
genmake_tnc.for:5:28:

    5 |       IF (iret .NE. NF_NOERR) write(*,*) NF_STRERROR(iret)
      |                            ^
note: 'nf_noerr' was declared here
Undefined symbols for architecture arm64:
  "_nf_close_", referenced from:
      _MAIN__ in genmake_tnc.o
  "_nf_create_", referenced from:
      _MAIN__ in genmake_tnc.o
  "_nf_def_dim_", referenced from:
      _MAIN__ in genmake_tnc.o
  "_nf_strerror_", referenced from:
      _MAIN__ in genmake_tnc.o
      _MAIN__ in genmake_tnc.o
      _MAIN__ in genmake_tnc.o
ld: symbol(s) not found for architecture arm64
collect2: error: ld returned 1 exit status

==> try again with added '-lnetcdf'
cat genmake_tnc.F |  /usr/bin/cpp -traditional -P -DWORDLENGTH=4 -DNML_TERMINATOR -DHAVE_SYSTEM -DHAVE_FDATE -DHAVE_ETIME_SBR -DHAVE_CLOC -DHAVE_SETRLSTK -DHAVE_STAT  > genmake_tnc.for \ 
 &&  gfortran  -fconvert=big-endian -fallow-argument-mismatch -Wunused -Wuninitialized -O3 -ftree-vectorize -funroll-loops -c genmake_tnc.for \ 
 &&  gfortran  -fconvert=big-endian -fallow-argument-mismatch -Wunused -Wuninitialized -O3 -ftree-vectorize -funroll-loops -o genmake_tnc genmake_tnc.o  -lnetcdf

==> try again with added '-lnetcdff -lnetcdf'
cat genmake_tnc.F |  /usr/bin/cpp -traditional -P -DWORDLENGTH=4 -DNML_TERMINATOR -DHAVE_SYSTEM -DHAVE_FDATE -DHAVE_ETIME_SBR -DHAVE_CLOC -DHAVE_SETRLSTK -DHAVE_STAT  > genmake_tnc.for \ 
 &&  gfortran  -fconvert=big-endian -fallow-argument-mismatch -Wunused -Wuninitialized -O3 -ftree-vectorize -funroll-loops -c genmake_tnc.for \ 
 &&  gfortran  -fconvert=big-endian -fallow-argument-mismatch -Wunused -Wuninitialized -O3 -ftree-vectorize -funroll-loops -o genmake_tnc genmake_tnc.o  -lnetcdff -lnetcdf
 --> set HAVE_NETCDF=''

running: check_HAVE_FLUSH()
  check_HAVE_FLUSH: successful
 --> set HAVE_FLUSH='t'
